<?xml version="1.0" encoding="UTF-8"?>
<!-- Generated by org.testng.reporters.JUnitReportReporter -->
<testsuite hostname="NATARAJAN-PC" failures="0" tests="1" name="Cricbuzz" time="9.032" errors="0" timestamp="2024-05-17T14:38:47 IST" skipped="0">
  <testcase classname="Cricbuzz" name="cricbuzz" time="9.032"/>
  <system-out/>
</testsuite> <!-- Cricbuzz -->
