<?xml version="1.0" encoding="UTF-8"?>
<!-- Generated by org.testng.reporters.JUnitReportReporter -->
<testsuite hostname="NATARAJAN-PC" failures="0" tests="1" name="test.Cricbuzz" time="9.107" errors="0" timestamp="2024-05-18T13:07:46 IST" skipped="0">
  <testcase classname="test.Cricbuzz" name="userLogin" time="9.107"/>
  <system-out/>
</testsuite> <!-- test.Cricbuzz -->
