<?xml version="1.0" encoding="UTF-8"?>
<!-- Generated by org.testng.reporters.JUnitReportReporter -->
<testsuite hostname="NATARAJAN-PC" failures="0" tests="1" name="test.Naukuri" time="16.176" errors="0" timestamp="2024-05-18T14:15:46 IST" skipped="0">
  <testcase classname="test.Naukuri" name="userLogin" time="16.176"/>
  <system-out/>
</testsuite> <!-- test.Naukuri -->
